# JRE version: Java(TM) SE Runtime Environment (8.0_111-b14) (build 1.8.0_111-b14)
# Java VM: Java HotSpot(TM) 64-Bit Server VM (25.111-b14 mixed mode windows-amd64 compressed oops)
Heap:
 PSYoungGen      total 76288K, used 21104K [0x000000076b180000, 0x0000000770680000, 0x00000007c0000000)
  eden space 65536K, 29% used [0x000000076b180000,0x000000076c475948,0x000000076f180000)
  from space 10752K, 15% used [0x000000076f180000,0x000000076f326720,0x000000076fc00000)
  to   space 10752K, 0% used [0x000000076fc00000,0x000000076fc00000,0x0000000770680000)
 ParOldGen       total 96256K, used 13523K [0x00000006c1400000, 0x00000006c7200000, 0x000000076b180000)
  object space 96256K, 14% used [0x00000006c1400000,0x00000006c2134d58,0x00000006c7200000)
 Metaspace       used 22359K, capacity 22682K, committed 22960K, reserved 1069056K
  class space    used 2657K, capacity 2753K, committed 2816K, reserved 1048576K
GC Heap History (8 events):
Event: 17.836 GC heap before
{Heap before GC invocations=1 (full 0):
 PSYoungGen      total 76288K, used 65536K [0x000000076b180000, 0x0000000770680000, 0x00000007c0000000)
  eden space 65536K, 100% used [0x000000076b180000,0x000000076f180000,0x000000076f180000)
  from space 10752K, 0% used [0x000000076fc00000,0x000000076fc00000,0x0000000770680000)
  to   space 10752K, 0% used [0x000000076f180000,0x000000076f180000,0x000000076fc00000)
 ParOldGen       total 175104K, used 0K [0x00000006c1400000, 0x00000006cbf00000, 0x000000076b180000)
  object space 175104K, 0% used [0x00000006c1400000,0x00000006c1400000,0x00000006cbf00000)
 Metaspace       used 20475K, capacity 20738K, committed 21120K, reserved 1067008K
  class space    used 2543K, capacity 2621K, committed 2688K, reserved 1048576K
Event: 17.856 GC heap after
Heap after GC invocations=1 (full 0):
 PSYoungGen      total 76288K, used 10731K [0x000000076b180000, 0x0000000770680000, 0x00000007c0000000)
  eden space 65536K, 0% used [0x000000076b180000,0x000000076b180000,0x000000076f180000)
  from space 10752K, 99% used [0x000000076f180000,0x000000076fbfae10,0x000000076fc00000)
  to   space 10752K, 0% used [0x000000076fc00000,0x000000076fc00000,0x0000000770680000)
 ParOldGen       total 175104K, used 10308K [0x00000006c1400000, 0x00000006cbf00000, 0x000000076b180000)
  object space 175104K, 5% used [0x00000006c1400000,0x00000006c1e112c0,0x00000006cbf00000)
 Metaspace       used 20475K, capacity 20738K, committed 21120K, reserved 1067008K
  class space    used 2543K, capacity 2621K, committed 2688K, reserved 1048576K
}
Event: 21.567 GC heap before
{Heap before GC invocations=2 (full 0):
 PSYoungGen      total 76288K, used 17656K [0x000000076b180000, 0x0000000770680000, 0x00000007c0000000)
  eden space 65536K, 10% used [0x000000076b180000,0x000000076b843430,0x000000076f180000)
  from space 10752K, 99% used [0x000000076f180000,0x000000076fbfae10,0x000000076fc00000)
  to   space 10752K, 0% used [0x000000076fc00000,0x000000076fc00000,0x0000000770680000)
 ParOldGen       total 175104K, used 10308K [0x00000006c1400000, 0x00000006cbf00000, 0x000000076b180000)
  object space 175104K, 5% used [0x00000006c1400000,0x00000006c1e112c0,0x00000006cbf00000)
 Metaspace       used 20746K, capacity 20994K, committed 21296K, reserved 1069056K
  class space    used 2550K, capacity 2621K, committed 2688K, reserved 1048576K
Event: 21.583 GC heap after
Heap after GC invocations=2 (full 0):
 PSYoungGen      total 76288K, used 10725K [0x000000076b180000, 0x0000000770680000, 0x00000007c0000000)
  eden space 65536K, 0% used [0x000000076b180000,0x000000076b180000,0x000000076f180000)
  from space 10752K, 99% used [0x000000076fc00000,0x0000000770679440,0x0000000770680000)
  to   space 10752K, 0% used [0x000000076f180000,0x000000076f180000,0x000000076fc00000)
 ParOldGen       total 175104K, used 25997K [0x00000006c1400000, 0x00000006cbf00000, 0x000000076b180000)
  object space 175104K, 14% used [0x00000006c1400000,0x00000006c2d63500,0x00000006cbf00000)
 Metaspace       used 20746K, capacity 20994K, committed 21296K, reserved 1069056K
  class space    used 2550K, capacity 2621K, committed 2688K, reserved 1048576K
}
Event: 21.583 GC heap before
{Heap before GC invocations=3 (full 1):
 PSYoungGen      total 76288K, used 10725K [0x000000076b180000, 0x0000000770680000, 0x00000007c0000000)
  eden space 65536K, 0% used [0x000000076b180000,0x000000076b180000,0x000000076f180000)
  from space 10752K, 99% used [0x000000076fc00000,0x0000000770679440,0x0000000770680000)
  to   space 10752K, 0% used [0x000000076f180000,0x000000076f180000,0x000000076fc00000)
 ParOldGen       total 175104K, used 25997K [0x00000006c1400000, 0x00000006cbf00000, 0x000000076b180000)
  object space 175104K, 14% used [0x00000006c1400000,0x00000006c2d63500,0x00000006cbf00000)
 Metaspace       used 20746K, capacity 20994K, committed 21296K, reserved 1069056K
  class space    used 2550K, capacity 2621K, committed 2688K, reserved 1048576K
Event: 21.629 GC heap after
Heap after GC invocations=3 (full 1):
 PSYoungGen      total 76288K, used 0K [0x000000076b180000, 0x0000000770680000, 0x00000007c0000000)
  eden space 65536K, 0% used [0x000000076b180000,0x000000076b180000,0x000000076f180000)
  from space 10752K, 0% used [0x000000076fc00000,0x000000076fc00000,0x0000000770680000)
  to   space 10752K, 0% used [0x000000076f180000,0x000000076f180000,0x000000076fc00000)
 ParOldGen       total 96256K, used 13515K [0x00000006c1400000, 0x00000006c7200000, 0x000000076b180000)
  object space 96256K, 14% used [0x00000006c1400000,0x00000006c2132d58,0x00000006c7200000)
 Metaspace       used 20746K, capacity 20994K, committed 21296K, reserved 1069056K
  class space    used 2550K, capacity 2621K, committed 2688K, reserved 1048576K
}
Event: 2491.859 GC heap before
{Heap before GC invocations=4 (full 1):
 PSYoungGen      total 76288K, used 60781K [0x000000076b180000, 0x0000000770680000, 0x00000007c0000000)
  eden space 65536K, 92% used [0x000000076b180000,0x000000076ecdb7a8,0x000000076f180000)
  from space 10752K, 0% used [0x000000076fc00000,0x000000076fc00000,0x0000000770680000)
  to   space 10752K, 0% used [0x000000076f180000,0x000000076f180000,0x000000076fc00000)
 ParOldGen       total 96256K, used 13515K [0x00000006c1400000, 0x00000006c7200000, 0x000000076b180000)
  object space 96256K, 14% used [0x00000006c1400000,0x00000006c2132d58,0x00000006c7200000)
 Metaspace       used 22345K, capacity 22608K, committed 22960K, reserved 1069056K
  class space    used 2656K, capacity 2750K, committed 2816K, reserved 1048576K
Event: 2492.104 GC heap after
Heap after GC invocations=4 (full 1):
 PSYoungGen      total 76288K, used 1689K [0x000000076b180000, 0x0000000770680000, 0x00000007c0000000)
  eden space 65536K, 0% used [0x000000076b180000,0x000000076b180000,0x000000076f180000)
  from space 10752K, 15% used [0x000000076f180000,0x000000076f326720,0x000000076fc00000)
  to   space 10752K, 0% used [0x000000076fc00000,0x000000076fc00000,0x0000000770680000)
 ParOldGen       total 96256K, used 13523K [0x00000006c1400000, 0x00000006c7200000, 0x000000076b180000)
  object space 96256K, 14% used [0x00000006c1400000,0x00000006c2134d58,0x00000006c7200000)
 Metaspace       used 22345K, capacity 22608K, committed 22960K, reserved 1069056K
  class space    used 2656K, capacity 2750K, committed 2816K, reserved 1048576K
}

